<?xml version="1.0" encoding="UTF-8"?>
<coverage generated="1682878511397" clover="3.2.0">
  <project timestamp="1682878511397" name="All files">
    <metrics statements="18" coveredstatements="15" conditionals="6" coveredconditionals="4" methods="5" coveredmethods="5" elements="29" coveredelements="24" complexity="0" loc="18" ncloc="18" packages="2" files="2" classes="2"/>
    <package name="quadraticEquation">
      <metrics statements="16" coveredstatements="13" conditionals="6" coveredconditionals="4" methods="5" coveredmethods="5"/>
      <file name="index.ts" path="/Users/davletkulovaynur/Documents/projects/test/src/quadraticEquation/index.ts">
        <metrics statements="16" coveredstatements="13" conditionals="6" coveredconditionals="4" methods="5" coveredmethods="5"/>
        <line num="1" count="1" type="stmt"/>
        <line num="5" count="9" type="stmt"/>
        <line num="9" count="9" type="stmt"/>
        <line num="13" count="3" type="cond" truecount="2" falsecount="1"/>
        <line num="14" count="0" type="stmt"/>
        <line num="17" count="3" type="cond" truecount="0" falsecount="1"/>
        <line num="18" count="0" type="stmt"/>
        <line num="21" count="3" type="stmt"/>
        <line num="23" count="3" type="cond" truecount="1" falsecount="0"/>
        <line num="24" count="1" type="stmt"/>
        <line num="27" count="2" type="cond" truecount="1" falsecount="0"/>
        <line num="28" count="2" type="stmt"/>
        <line num="29" count="2" type="stmt"/>
        <line num="31" count="2" type="stmt"/>
        <line num="34" count="0" type="stmt"/>
        <line num="38" count="1" type="stmt"/>
      </file>
    </package>
    <package name="shared">
      <metrics statements="2" coveredstatements="2" conditionals="0" coveredconditionals="0" methods="0" coveredmethods="0"/>
      <file name="constants.ts" path="/Users/davletkulovaynur/Documents/projects/test/src/shared/constants.ts">
        <metrics statements="2" coveredstatements="2" conditionals="0" coveredconditionals="0" methods="0" coveredmethods="0"/>
        <line num="1" count="1" type="stmt"/>
        <line num="4" count="1" type="stmt"/>
      </file>
    </package>
  </project>
</coverage>
