{"/Users/davletkulovaynur/Documents/projects/test/src/quadraticEquation/index.ts": {"path":"/Users/davletkulovaynur/Documents/projects/test/src/quadraticEquation/index.ts","statementMap":{"0":{"start":{"line":1,"column":0},"end":{"line":1,"column":76}},"1":{"start":{"line":5,"column":4},"end":{"line":5,"column":57}},"2":{"start":{"line":5,"column":31},"end":{"line":5,"column":55}},"3":{"start":{"line":9,"column":4},"end":{"line":9,"column":44}},"4":{"start":{"line":9,"column":31},"end":{"line":9,"column":42}},"5":{"start":{"line":13,"column":4},"end":{"line":15,"column":null}},"6":{"start":{"line":14,"column":6},"end":{"line":14,"column":38}},"7":{"start":{"line":17,"column":4},"end":{"line":19,"column":null}},"8":{"start":{"line":18,"column":6},"end":{"line":18,"column":45}},"9":{"start":{"line":21,"column":14},"end":{"line":21,"column":31}},"10":{"start":{"line":23,"column":4},"end":{"line":25,"column":null}},"11":{"start":{"line":24,"column":6},"end":{"line":24,"column":16}},"12":{"start":{"line":27,"column":4},"end":{"line":32,"column":null}},"13":{"start":{"line":28,"column":17},"end":{"line":28,"column":46}},"14":{"start":{"line":29,"column":17},"end":{"line":29,"column":46}},"15":{"start":{"line":31,"column":6},"end":{"line":31,"column":22}},"16":{"start":{"line":34,"column":4},"end":{"line":34,"column":26}},"17":{"start":{"line":38,"column":9},"end":{"line":38,"column":26}}},"fnMap":{"0":{"name":"(anonymous_0)","decl":{"start":{"line":4,"column":10},"end":{"line":4,"column":16}},"loc":{"start":{"line":4,"column":47},"end":{"line":6,"column":3}}},"1":{"name":"(anonymous_1)","decl":{"start":{"line":5,"column":21},"end":{"line":5,"column":22}},"loc":{"start":{"line":5,"column":31},"end":{"line":5,"column":55}}},"2":{"name":"(anonymous_2)","decl":{"start":{"line":8,"column":10},"end":{"line":8,"column":16}},"loc":{"start":{"line":8,"column":40},"end":{"line":10,"column":3}}},"3":{"name":"(anonymous_3)","decl":{"start":{"line":9,"column":21},"end":{"line":9,"column":22}},"loc":{"start":{"line":9,"column":31},"end":{"line":9,"column":42}}},"4":{"name":"(anonymous_4)","decl":{"start":{"line":12,"column":2},"end":{"line":12,"column":8}},"loc":{"start":{"line":12,"column":46},"end":{"line":35,"column":3}}}},"branchMap":{"0":{"loc":{"start":{"line":13,"column":4},"end":{"line":15,"column":null}},"type":"if","locations":[{"start":{"line":13,"column":4},"end":{"line":15,"column":null}}]},"1":{"loc":{"start":{"line":13,"column":8},"end":{"line":13,"column":60}},"type":"binary-expr","locations":[{"start":{"line":13,"column":8},"end":{"line":13,"column":37}},{"start":{"line":13,"column":41},"end":{"line":13,"column":60}}]},"2":{"loc":{"start":{"line":17,"column":4},"end":{"line":19,"column":null}},"type":"if","locations":[{"start":{"line":17,"column":4},"end":{"line":19,"column":null}}]},"3":{"loc":{"start":{"line":23,"column":4},"end":{"line":25,"column":null}},"type":"if","locations":[{"start":{"line":23,"column":4},"end":{"line":25,"column":null}}]},"4":{"loc":{"start":{"line":27,"column":4},"end":{"line":32,"column":null}},"type":"if","locations":[{"start":{"line":27,"column":4},"end":{"line":32,"column":null}}]}},"s":{"0":1,"1":3,"2":9,"3":3,"4":9,"5":3,"6":0,"7":3,"8":0,"9":3,"10":3,"11":1,"12":2,"13":2,"14":2,"15":2,"16":0,"17":1},"f":{"0":3,"1":9,"2":3,"3":9,"4":3},"b":{"0":[0],"1":[3,3],"2":[0],"3":[1],"4":[2]}}
,"/Users/davletkulovaynur/Documents/projects/test/src/shared/constants.ts": {"path":"/Users/davletkulovaynur/Documents/projects/test/src/shared/constants.ts","statementMap":{"0":{"start":{"line":1,"column":13},"end":{"line":2,"column":62}},"1":{"start":{"line":4,"column":13},"end":{"line":4,"column":73}}},"fnMap":{},"branchMap":{},"s":{"0":1,"1":1},"f":{},"b":{}}
}
