TN:
SF:src/quadraticEquation/index.ts
FN:4,(anonymous_0)
FN:5,(anonymous_1)
FN:8,(anonymous_2)
FN:9,(anonymous_3)
FN:12,(anonymous_4)
FNF:5
FNH:5
FNDA:3,(anonymous_0)
FNDA:9,(anonymous_1)
FNDA:3,(anonymous_2)
FNDA:9,(anonymous_3)
FNDA:3,(anonymous_4)
DA:1,1
DA:5,9
DA:9,9
DA:13,3
DA:14,0
DA:17,3
DA:18,0
DA:21,3
DA:23,3
DA:24,1
DA:27,2
DA:28,2
DA:29,2
DA:31,2
DA:34,0
DA:38,1
LF:16
LH:13
BRDA:13,0,0,0
BRDA:13,1,0,3
BRDA:13,1,1,3
BRDA:17,2,0,0
BRDA:23,3,0,1
BRDA:27,4,0,2
BRF:6
BRH:4
end_of_record
TN:
SF:src/shared/constants.ts
FNF:0
FNH:0
DA:1,1
DA:4,1
LF:2
LH:2
BRF:0
BRH:0
end_of_record
